[11.431s] DEBUG:colcon:Command line arguments: ['/usr/bin/colcon', 'build']
[11.431s] DEBUG:colcon:Parsed command line arguments: Namespace(allow_overriding=[], ament_cmake_args=None, base_paths=['.'], build_base='build', catkin_cmake_args=None, catkin_skip_building_tests=False, cmake_args=None, cmake_clean_cache=False, cmake_clean_first=False, cmake_force_configure=False, cmake_target=None, cmake_target_skip_unavailable=False, continue_on_error=False, event_handlers=None, executor='parallel', ignore_user_meta=False, install_base='install', log_base=None, log_level=None, main=<bound method BuildVerb.main of <colcon_core.verb.build.BuildVerb object at 0x7fae6a8640>>, merge_install=False, metas=['./colcon.meta'], packages_above=None, packages_above_and_dependencies=None, packages_above_depth=None, packages_end=None, packages_ignore=None, packages_ignore_regex=None, packages_select=None, packages_select_build_failed=False, packages_select_by_dep=None, packages_select_regex=None, packages_select_test_failures=False, packages_skip=None, packages_skip_build_finished=False, packages_skip_by_dep=None, packages_skip_regex=None, packages_skip_test_passed=False, packages_skip_up_to=None, packages_start=None, packages_up_to=None, packages_up_to_regex=None, parallel_workers=4, paths=None, symlink_install=False, test_result_base=None, verb_extension=<colcon_core.verb.build.BuildVerb object at 0x7fae6a8640>, verb_name='build', verb_parser=<colcon_defaults.argument_parser.defaults.DefaultArgumentsDecorator object at 0x7fae254250>)
[11.934s] Level 1:colcon.colcon_core.package_discovery:discover_packages(colcon_meta) check parameters
[11.934s] Level 1:colcon.colcon_core.package_discovery:discover_packages(recursive) check parameters
[11.934s] Level 1:colcon.colcon_core.package_discovery:discover_packages(ignore) check parameters
[11.934s] Level 1:colcon.colcon_core.package_discovery:discover_packages(path) check parameters
[11.934s] Level 1:colcon.colcon_core.package_discovery:discover_packages(colcon_meta) discover
[11.935s] Level 1:colcon.colcon_core.package_discovery:discover_packages(recursive) discover
[11.935s] INFO:colcon.colcon_core.package_discovery:Crawling recursively for packages in '/home/puzzlebot/Fantastic4/Odometria/odometry_pkg'
[11.935s] Level 1:colcon.colcon_core.package_identification:_identify(.) by extensions ['ignore', 'ignore_ament_install']
[11.936s] Level 1:colcon.colcon_core.package_identification:_identify(.) by extension 'ignore'
[11.936s] Level 1:colcon.colcon_core.package_identification:_identify(.) by extension 'ignore_ament_install'
[11.936s] Level 1:colcon.colcon_core.package_identification:_identify(.) by extensions ['colcon_pkg']
[11.936s] Level 1:colcon.colcon_core.package_identification:_identify(.) by extension 'colcon_pkg'
[11.936s] Level 1:colcon.colcon_core.package_identification:_identify(.) by extensions ['colcon_meta']
[11.937s] Level 1:colcon.colcon_core.package_identification:_identify(.) by extension 'colcon_meta'
[11.937s] Level 1:colcon.colcon_core.package_identification:_identify(.) by extensions ['ros']
[11.937s] Level 1:colcon.colcon_core.package_identification:_identify(.) by extension 'ros'
[11.982s] Level 1:colcon.colcon_core.package_identification:_identify(.) by extensions ['cmake', 'python']
[11.982s] Level 1:colcon.colcon_core.package_identification:_identify(.) by extension 'cmake'
[11.982s] Level 1:colcon.colcon_core.package_identification:_identify(.) by extension 'python'
[11.983s] Level 1:colcon.colcon_core.package_identification:_identify(.) by extensions ['python_setup_py']
[11.983s] Level 1:colcon.colcon_core.package_identification:_identify(.) by extension 'python_setup_py'
[11.983s] Level 1:colcon.colcon_core.package_identification:_identify(build) by extensions ['ignore', 'ignore_ament_install']
[11.984s] Level 1:colcon.colcon_core.package_identification:_identify(build) by extension 'ignore'
[11.984s] Level 1:colcon.colcon_core.package_identification:_identify(build) ignored
[11.984s] Level 1:colcon.colcon_core.package_identification:_identify(install) by extensions ['ignore', 'ignore_ament_install']
[11.985s] Level 1:colcon.colcon_core.package_identification:_identify(install) by extension 'ignore'
[11.985s] Level 1:colcon.colcon_core.package_identification:_identify(install) ignored
[11.985s] Level 1:colcon.colcon_core.package_identification:_identify(log) by extensions ['ignore', 'ignore_ament_install']
[11.986s] Level 1:colcon.colcon_core.package_identification:_identify(log) by extension 'ignore'
[11.986s] Level 1:colcon.colcon_core.package_identification:_identify(log) ignored
[11.986s] Level 1:colcon.colcon_core.package_identification:_identify(src) by extensions ['ignore', 'ignore_ament_install']
[11.987s] Level 1:colcon.colcon_core.package_identification:_identify(src) by extension 'ignore'
[11.987s] Level 1:colcon.colcon_core.package_identification:_identify(src) by extension 'ignore_ament_install'
[11.987s] Level 1:colcon.colcon_core.package_identification:_identify(src) by extensions ['colcon_pkg']
[11.987s] Level 1:colcon.colcon_core.package_identification:_identify(src) by extension 'colcon_pkg'
[11.987s] Level 1:colcon.colcon_core.package_identification:_identify(src) by extensions ['colcon_meta']
[11.987s] Level 1:colcon.colcon_core.package_identification:_identify(src) by extension 'colcon_meta'
[11.988s] Level 1:colcon.colcon_core.package_identification:_identify(src) by extensions ['ros']
[11.988s] Level 1:colcon.colcon_core.package_identification:_identify(src) by extension 'ros'
[11.988s] Level 1:colcon.colcon_core.package_identification:_identify(src) by extensions ['cmake', 'python']
[11.988s] Level 1:colcon.colcon_core.package_identification:_identify(src) by extension 'cmake'
[11.988s] Level 1:colcon.colcon_core.package_identification:_identify(src) by extension 'python'
[11.989s] Level 1:colcon.colcon_core.package_identification:_identify(src) by extensions ['python_setup_py']
[11.989s] Level 1:colcon.colcon_core.package_identification:_identify(src) by extension 'python_setup_py'
[11.989s] Level 1:colcon.colcon_core.package_identification:_identify(src/odometry_pkg) by extensions ['ignore', 'ignore_ament_install']
[11.990s] Level 1:colcon.colcon_core.package_identification:_identify(src/odometry_pkg) by extension 'ignore'
[11.990s] Level 1:colcon.colcon_core.package_identification:_identify(src/odometry_pkg) by extension 'ignore_ament_install'
[11.990s] Level 1:colcon.colcon_core.package_identification:_identify(src/odometry_pkg) by extensions ['colcon_pkg']
[11.990s] Level 1:colcon.colcon_core.package_identification:_identify(src/odometry_pkg) by extension 'colcon_pkg'
[11.990s] Level 1:colcon.colcon_core.package_identification:_identify(src/odometry_pkg) by extensions ['colcon_meta']
[11.990s] Level 1:colcon.colcon_core.package_identification:_identify(src/odometry_pkg) by extension 'colcon_meta'
[11.991s] Level 1:colcon.colcon_core.package_identification:_identify(src/odometry_pkg) by extensions ['ros']
[11.991s] Level 1:colcon.colcon_core.package_identification:_identify(src/odometry_pkg) by extension 'ros'
[12.001s] DEBUG:colcon.colcon_core.package_identification:Package 'src/odometry_pkg' with type 'ros.ament_python' and name 'odometry_pkg'
[12.002s] Level 1:colcon.colcon_core.package_discovery:discover_packages(recursive) using defaults
[12.002s] Level 1:colcon.colcon_core.package_discovery:discover_packages(ignore) discover
[12.002s] Level 1:colcon.colcon_core.package_discovery:discover_packages(ignore) using defaults
[12.002s] Level 1:colcon.colcon_core.package_discovery:discover_packages(path) discover
[12.002s] Level 1:colcon.colcon_core.package_discovery:discover_packages(path) using defaults
[13.036s] Level 1:colcon.colcon_core.package_discovery:discover_packages(prefix_path) check parameters
[13.036s] Level 1:colcon.colcon_core.package_discovery:discover_packages(prefix_path) discover
[13.435s] DEBUG:colcon.colcon_installed_package_information.package_discovery:Found 1 installed packages in /home/puzzlebot/Fantastic4/Odometria/odometry_pkg/install
[13.633s] DEBUG:colcon.colcon_installed_package_information.package_discovery:Found 1 installed packages in /home/puzzlebot/ros2_ws/install
[13.834s] DEBUG:colcon.colcon_installed_package_information.package_discovery:Found 5 installed packages in /home/puzzlebot/ros2_packages_ws/install
[14.077s] DEBUG:colcon.colcon_installed_package_information.package_discovery:Found 276 installed packages in /opt/ros/humble
[14.085s] Level 1:colcon.colcon_core.package_discovery:discover_packages(prefix_path) using defaults
[14.858s] Level 5:colcon.colcon_core.verb:set package 'odometry_pkg' build argument 'cmake_args' from command line to 'None'
[14.858s] Level 5:colcon.colcon_core.verb:set package 'odometry_pkg' build argument 'cmake_target' from command line to 'None'
[14.859s] Level 5:colcon.colcon_core.verb:set package 'odometry_pkg' build argument 'cmake_target_skip_unavailable' from command line to 'False'
[14.859s] Level 5:colcon.colcon_core.verb:set package 'odometry_pkg' build argument 'cmake_clean_cache' from command line to 'False'
[14.859s] Level 5:colcon.colcon_core.verb:set package 'odometry_pkg' build argument 'cmake_clean_first' from command line to 'False'
[14.859s] Level 5:colcon.colcon_core.verb:set package 'odometry_pkg' build argument 'cmake_force_configure' from command line to 'False'
[14.859s] Level 5:colcon.colcon_core.verb:set package 'odometry_pkg' build argument 'ament_cmake_args' from command line to 'None'
[14.859s] Level 5:colcon.colcon_core.verb:set package 'odometry_pkg' build argument 'catkin_cmake_args' from command line to 'None'
[14.859s] Level 5:colcon.colcon_core.verb:set package 'odometry_pkg' build argument 'catkin_skip_building_tests' from command line to 'False'
[14.859s] DEBUG:colcon.colcon_core.verb:Building package 'odometry_pkg' with the following arguments: {'ament_cmake_args': None, 'build_base': '/home/puzzlebot/Fantastic4/Odometria/odometry_pkg/build/odometry_pkg', 'catkin_cmake_args': None, 'catkin_skip_building_tests': False, 'cmake_args': None, 'cmake_clean_cache': False, 'cmake_clean_first': False, 'cmake_force_configure': False, 'cmake_target': None, 'cmake_target_skip_unavailable': False, 'install_base': '/home/puzzlebot/Fantastic4/Odometria/odometry_pkg/install/odometry_pkg', 'merge_install': False, 'path': '/home/puzzlebot/Fantastic4/Odometria/odometry_pkg/src/odometry_pkg', 'symlink_install': False, 'test_result_base': None}
[15.053s] INFO:colcon.colcon_core.executor:Executing jobs using 'parallel' executor
[15.250s] DEBUG:colcon.colcon_parallel_executor.executor.parallel:run_until_complete
[15.251s] INFO:colcon.colcon_ros.task.ament_python.build:Building ROS package in '/home/puzzlebot/Fantastic4/Odometria/odometry_pkg/src/odometry_pkg' with build type 'ament_python'
[15.251s] Level 1:colcon.colcon_core.shell:create_environment_hook('odometry_pkg', 'ament_prefix_path')
[15.459s] INFO:colcon.colcon_core.plugin_system:Skipping extension 'colcon_core.shell.bat': Not used on non-Windows systems
[15.460s] INFO:colcon.colcon_core.shell:Creating environment hook '/home/puzzlebot/Fantastic4/Odometria/odometry_pkg/install/odometry_pkg/share/odometry_pkg/hook/ament_prefix_path.ps1'
[15.464s] INFO:colcon.colcon_core.shell:Creating environment descriptor '/home/puzzlebot/Fantastic4/Odometria/odometry_pkg/install/odometry_pkg/share/odometry_pkg/hook/ament_prefix_path.dsv'
[15.465s] INFO:colcon.colcon_core.shell:Creating environment hook '/home/puzzlebot/Fantastic4/Odometria/odometry_pkg/install/odometry_pkg/share/odometry_pkg/hook/ament_prefix_path.sh'
[15.669s] INFO:colcon.colcon_core.shell:Skip shell extension 'powershell' for command environment: Not usable outside of PowerShell
[15.670s] DEBUG:colcon.colcon_core.shell:Skip shell extension 'dsv' for command environment
[17.789s] INFO:colcon.colcon_core.task.python.build:Building Python package in '/home/puzzlebot/Fantastic4/Odometria/odometry_pkg/src/odometry_pkg'
[17.994s] INFO:colcon.colcon_core.shell:Skip shell extension 'powershell' for command environment: Not usable outside of PowerShell
[17.994s] DEBUG:colcon.colcon_core.shell:Skip shell extension 'dsv' for command environment
[20.769s] DEBUG:colcon.colcon_core.event_handler.log_command:Invoking command in '/home/puzzlebot/Fantastic4/Odometria/odometry_pkg/src/odometry_pkg': PYTHONPATH=/home/puzzlebot/Fantastic4/Odometria/odometry_pkg/build/odometry_pkg/prefix_override:/home/puzzlebot/Fantastic4/Odometria/odometry_pkg/install/odometry_pkg/lib/python3.8/site-packages:${PYTHONPATH} /usr/bin/python3 setup.py egg_info --egg-base ../../build/odometry_pkg build --build-base /home/puzzlebot/Fantastic4/Odometria/odometry_pkg/build/odometry_pkg/build install --record /home/puzzlebot/Fantastic4/Odometria/odometry_pkg/build/odometry_pkg/install.log --single-version-externally-managed
[22.129s] DEBUG:colcon.colcon_core.event_handler.log_command:Invoked command in '/home/puzzlebot/Fantastic4/Odometria/odometry_pkg/src/odometry_pkg' returned '0': PYTHONPATH=/home/puzzlebot/Fantastic4/Odometria/odometry_pkg/build/odometry_pkg/prefix_override:/home/puzzlebot/Fantastic4/Odometria/odometry_pkg/install/odometry_pkg/lib/python3.8/site-packages:${PYTHONPATH} /usr/bin/python3 setup.py egg_info --egg-base ../../build/odometry_pkg build --build-base /home/puzzlebot/Fantastic4/Odometria/odometry_pkg/build/odometry_pkg/build install --record /home/puzzlebot/Fantastic4/Odometria/odometry_pkg/build/odometry_pkg/install.log --single-version-externally-managed
[22.340s] Level 1:colcon.colcon_core.environment:checking '/home/puzzlebot/Fantastic4/Odometria/odometry_pkg/install/odometry_pkg' for CMake module files
[22.343s] Level 1:colcon.colcon_core.environment:checking '/home/puzzlebot/Fantastic4/Odometria/odometry_pkg/install/odometry_pkg' for CMake config files
[22.346s] Level 1:colcon.colcon_core.environment:checking '/home/puzzlebot/Fantastic4/Odometria/odometry_pkg/install/odometry_pkg/lib'
[22.347s] Level 1:colcon.colcon_core.environment:checking '/home/puzzlebot/Fantastic4/Odometria/odometry_pkg/install/odometry_pkg/bin'
[22.347s] Level 1:colcon.colcon_core.environment:checking '/home/puzzlebot/Fantastic4/Odometria/odometry_pkg/install/odometry_pkg/lib/pkgconfig/odometry_pkg.pc'
[22.348s] Level 1:colcon.colcon_core.environment:checking '/home/puzzlebot/Fantastic4/Odometria/odometry_pkg/install/odometry_pkg/lib/python3.8/site-packages'
[22.348s] Level 1:colcon.colcon_core.shell:create_environment_hook('odometry_pkg', 'pythonpath')
[22.551s] INFO:colcon.colcon_core.shell:Creating environment hook '/home/puzzlebot/Fantastic4/Odometria/odometry_pkg/install/odometry_pkg/share/odometry_pkg/hook/pythonpath.ps1'
[22.552s] INFO:colcon.colcon_core.shell:Creating environment descriptor '/home/puzzlebot/Fantastic4/Odometria/odometry_pkg/install/odometry_pkg/share/odometry_pkg/hook/pythonpath.dsv'
[22.553s] INFO:colcon.colcon_core.shell:Creating environment hook '/home/puzzlebot/Fantastic4/Odometria/odometry_pkg/install/odometry_pkg/share/odometry_pkg/hook/pythonpath.sh'
[22.555s] Level 1:colcon.colcon_core.environment:checking '/home/puzzlebot/Fantastic4/Odometria/odometry_pkg/install/odometry_pkg/bin'
[22.555s] Level 1:colcon.colcon_core.environment:create_environment_scripts_only(odometry_pkg)
[22.757s] INFO:colcon.colcon_core.shell:Creating package script '/home/puzzlebot/Fantastic4/Odometria/odometry_pkg/install/odometry_pkg/share/odometry_pkg/package.ps1'
[22.760s] INFO:colcon.colcon_core.shell:Creating package descriptor '/home/puzzlebot/Fantastic4/Odometria/odometry_pkg/install/odometry_pkg/share/odometry_pkg/package.dsv'
[22.762s] INFO:colcon.colcon_core.shell:Creating package script '/home/puzzlebot/Fantastic4/Odometria/odometry_pkg/install/odometry_pkg/share/odometry_pkg/package.sh'
[22.766s] INFO:colcon.colcon_core.shell:Creating package script '/home/puzzlebot/Fantastic4/Odometria/odometry_pkg/install/odometry_pkg/share/odometry_pkg/package.bash'
[22.769s] INFO:colcon.colcon_core.shell:Creating package script '/home/puzzlebot/Fantastic4/Odometria/odometry_pkg/install/odometry_pkg/share/odometry_pkg/package.zsh'
[22.771s] Level 1:colcon.colcon_core.environment:create_file_with_runtime_dependencies(/home/puzzlebot/Fantastic4/Odometria/odometry_pkg/install/odometry_pkg/share/colcon-core/packages/odometry_pkg)
[22.772s] DEBUG:colcon.colcon_parallel_executor.executor.parallel:closing loop
[22.773s] DEBUG:colcon.colcon_parallel_executor.executor.parallel:loop closed
[22.773s] DEBUG:colcon.colcon_parallel_executor.executor.parallel:run_until_complete finished with '0'
[22.774s] DEBUG:colcon.colcon_core.event_reactor:joining thread
[22.995s] INFO:colcon.colcon_core.plugin_system:Skipping extension 'colcon_notification.desktop_notification.terminal_notifier': Not used on non-Darwin systems
[22.995s] INFO:colcon.colcon_core.plugin_system:Skipping extension 'colcon_notification.desktop_notification.win32': Not used on non-Windows systems
[22.995s] INFO:colcon.colcon_notification.desktop_notification:Sending desktop notification using 'notify2'
[23.046s] DEBUG:colcon.colcon_core.event_reactor:joined thread
[23.267s] INFO:colcon.colcon_core.shell:Creating prefix script '/home/puzzlebot/Fantastic4/Odometria/odometry_pkg/install/local_setup.ps1'
[23.272s] INFO:colcon.colcon_core.shell:Creating prefix util module '/home/puzzlebot/Fantastic4/Odometria/odometry_pkg/install/_local_setup_util_ps1.py'
[23.277s] INFO:colcon.colcon_core.shell:Creating prefix chain script '/home/puzzlebot/Fantastic4/Odometria/odometry_pkg/install/setup.ps1'
[23.490s] INFO:colcon.colcon_core.shell:Creating prefix script '/home/puzzlebot/Fantastic4/Odometria/odometry_pkg/install/local_setup.sh'
[23.492s] INFO:colcon.colcon_core.shell:Creating prefix util module '/home/puzzlebot/Fantastic4/Odometria/odometry_pkg/install/_local_setup_util_sh.py'
[23.494s] INFO:colcon.colcon_core.shell:Creating prefix chain script '/home/puzzlebot/Fantastic4/Odometria/odometry_pkg/install/setup.sh'
[23.705s] INFO:colcon.colcon_core.shell:Creating prefix script '/home/puzzlebot/Fantastic4/Odometria/odometry_pkg/install/local_setup.bash'
[23.707s] INFO:colcon.colcon_core.shell:Creating prefix chain script '/home/puzzlebot/Fantastic4/Odometria/odometry_pkg/install/setup.bash'
[23.915s] INFO:colcon.colcon_core.shell:Creating prefix script '/home/puzzlebot/Fantastic4/Odometria/odometry_pkg/install/local_setup.zsh'
[23.917s] INFO:colcon.colcon_core.shell:Creating prefix chain script '/home/puzzlebot/Fantastic4/Odometria/odometry_pkg/install/setup.zsh'
