running egg_info
writing ../../build/odometry_pkg/odometry_pkg.egg-info/PKG-INFO
writing dependency_links to ../../build/odometry_pkg/odometry_pkg.egg-info/dependency_links.txt
writing entry points to ../../build/odometry_pkg/odometry_pkg.egg-info/entry_points.txt
writing requirements to ../../build/odometry_pkg/odometry_pkg.egg-info/requires.txt
writing top-level names to ../../build/odometry_pkg/odometry_pkg.egg-info/top_level.txt
reading manifest file '../../build/odometry_pkg/odometry_pkg.egg-info/SOURCES.txt'
writing manifest file '../../build/odometry_pkg/odometry_pkg.egg-info/SOURCES.txt'
running build
running build_py
running install
running install_lib
creating /home/puzzlebot/Fantastic4/Odometria/odometry_pkg/install/odometry_pkg/lib/python3.8/site-packages/odometry_pkg
copying /home/puzzlebot/Fantastic4/Odometria/odometry_pkg/build/odometry_pkg/build/lib/odometry_pkg/__init__.py -> /home/puzzlebot/Fantastic4/Odometria/odometry_pkg/install/odometry_pkg/lib/python3.8/site-packages/odometry_pkg
copying /home/puzzlebot/Fantastic4/Odometria/odometry_pkg/build/odometry_pkg/build/lib/odometry_pkg/dead_reckoning.py -> /home/puzzlebot/Fantastic4/Odometria/odometry_pkg/install/odometry_pkg/lib/python3.8/site-packages/odometry_pkg
byte-compiling /home/puzzlebot/Fantastic4/Odometria/odometry_pkg/install/odometry_pkg/lib/python3.8/site-packages/odometry_pkg/__init__.py to __init__.cpython-38.pyc
byte-compiling /home/puzzlebot/Fantastic4/Odometria/odometry_pkg/install/odometry_pkg/lib/python3.8/site-packages/odometry_pkg/dead_reckoning.py to dead_reckoning.cpython-38.pyc
running install_data
running install_egg_info
Copying ../../build/odometry_pkg/odometry_pkg.egg-info to /home/puzzlebot/Fantastic4/Odometria/odometry_pkg/install/odometry_pkg/lib/python3.8/site-packages/odometry_pkg-0.0.0-py3.8.egg-info
running install_scripts
Installing dead_reckoning script to /home/puzzlebot/Fantastic4/Odometria/odometry_pkg/install/odometry_pkg/lib/odometry_pkg
writing list of installed files to '/home/puzzlebot/Fantastic4/Odometria/odometry_pkg/build/odometry_pkg/install.log'
