[4.776s] Invoking command in '/home/puzzlebot/Fantastic4/src/Odometria/odometry_pkg/src/odometry_pkg': PYTHONPATH=/home/puzzlebot/Fantastic4/src/Odometria/odometry_pkg/build/odometry_pkg/prefix_override:/home/puzzlebot/Fantastic4/src/Odometria/odometry_pkg/install/odometry_pkg/lib/python3.8/site-packages:${PYTHONPATH} /usr/bin/python3 setup.py egg_info --egg-base ../../build/odometry_pkg build --build-base /home/puzzlebot/Fantastic4/src/Odometria/odometry_pkg/build/odometry_pkg/build install --record /home/puzzlebot/Fantastic4/src/Odometria/odometry_pkg/build/odometry_pkg/install.log --single-version-externally-managed
[5.823s] running egg_info
[5.827s] writing ../../build/odometry_pkg/odometry_pkg.egg-info/PKG-INFO
[5.827s] writing dependency_links to ../../build/odometry_pkg/odometry_pkg.egg-info/dependency_links.txt
[5.828s] writing entry points to ../../build/odometry_pkg/odometry_pkg.egg-info/entry_points.txt
[5.828s] writing requirements to ../../build/odometry_pkg/odometry_pkg.egg-info/requires.txt
[5.829s] writing top-level names to ../../build/odometry_pkg/odometry_pkg.egg-info/top_level.txt
[5.981s] reading manifest file '../../build/odometry_pkg/odometry_pkg.egg-info/SOURCES.txt'
[5.986s] writing manifest file '../../build/odometry_pkg/odometry_pkg.egg-info/SOURCES.txt'
[5.986s] running build
[5.987s] running build_py
[5.987s] running install
[5.989s] running install_lib
[5.995s] running install_data
[5.997s] running install_egg_info
[6.004s] removing '/home/puzzlebot/Fantastic4/src/Odometria/odometry_pkg/install/odometry_pkg/lib/python3.8/site-packages/odometry_pkg-0.0.0-py3.8.egg-info' (and everything under it)
[6.005s] Copying ../../build/odometry_pkg/odometry_pkg.egg-info to /home/puzzlebot/Fantastic4/src/Odometria/odometry_pkg/install/odometry_pkg/lib/python3.8/site-packages/odometry_pkg-0.0.0-py3.8.egg-info
[6.008s] running install_scripts
[6.075s] Installing dead_reckoning script to /home/puzzlebot/Fantastic4/src/Odometria/odometry_pkg/install/odometry_pkg/lib/odometry_pkg
[6.076s] writing list of installed files to '/home/puzzlebot/Fantastic4/src/Odometria/odometry_pkg/build/odometry_pkg/install.log'
[6.168s] Invoked command in '/home/puzzlebot/Fantastic4/src/Odometria/odometry_pkg/src/odometry_pkg' returned '0': PYTHONPATH=/home/puzzlebot/Fantastic4/src/Odometria/odometry_pkg/build/odometry_pkg/prefix_override:/home/puzzlebot/Fantastic4/src/Odometria/odometry_pkg/install/odometry_pkg/lib/python3.8/site-packages:${PYTHONPATH} /usr/bin/python3 setup.py egg_info --egg-base ../../build/odometry_pkg build --build-base /home/puzzlebot/Fantastic4/src/Odometria/odometry_pkg/build/odometry_pkg/build install --record /home/puzzlebot/Fantastic4/src/Odometria/odometry_pkg/build/odometry_pkg/install.log --single-version-externally-managed
