[5.588s] Invoking command in '/home/puzzlebot/Fantastic4/Odometria/odometry_pkg/src/odometry_pkg': PYTHONPATH=/home/puzzlebot/Fantastic4/Odometria/odometry_pkg/build/odometry_pkg/prefix_override:/home/puzzlebot/Fantastic4/Odometria/odometry_pkg/install/odometry_pkg/lib/python3.8/site-packages:${PYTHONPATH} /usr/bin/python3 setup.py egg_info --egg-base ../../build/odometry_pkg build --build-base /home/puzzlebot/Fantastic4/Odometria/odometry_pkg/build/odometry_pkg/build install --record /home/puzzlebot/Fantastic4/Odometria/odometry_pkg/build/odometry_pkg/install.log --single-version-externally-managed
[6.598s] running egg_info
[6.603s] writing ../../build/odometry_pkg/odometry_pkg.egg-info/PKG-INFO
[6.604s] writing dependency_links to ../../build/odometry_pkg/odometry_pkg.egg-info/dependency_links.txt
[6.604s] writing entry points to ../../build/odometry_pkg/odometry_pkg.egg-info/entry_points.txt
[6.604s] writing requirements to ../../build/odometry_pkg/odometry_pkg.egg-info/requires.txt
[6.605s] writing top-level names to ../../build/odometry_pkg/odometry_pkg.egg-info/top_level.txt
[6.756s] reading manifest file '../../build/odometry_pkg/odometry_pkg.egg-info/SOURCES.txt'
[6.760s] writing manifest file '../../build/odometry_pkg/odometry_pkg.egg-info/SOURCES.txt'
[6.760s] running build
[6.761s] running build_py
[6.761s] running install
[6.765s] running install_lib
[6.770s] running install_data
[6.772s] running install_egg_info
[6.778s] removing '/home/puzzlebot/Fantastic4/Odometria/odometry_pkg/install/odometry_pkg/lib/python3.8/site-packages/odometry_pkg-0.0.0-py3.8.egg-info' (and everything under it)
[6.780s] Copying ../../build/odometry_pkg/odometry_pkg.egg-info to /home/puzzlebot/Fantastic4/Odometria/odometry_pkg/install/odometry_pkg/lib/python3.8/site-packages/odometry_pkg-0.0.0-py3.8.egg-info
[6.783s] running install_scripts
[6.850s] Installing dead_reckoning script to /home/puzzlebot/Fantastic4/Odometria/odometry_pkg/install/odometry_pkg/lib/odometry_pkg
[6.851s] writing list of installed files to '/home/puzzlebot/Fantastic4/Odometria/odometry_pkg/build/odometry_pkg/install.log'
[6.945s] Invoked command in '/home/puzzlebot/Fantastic4/Odometria/odometry_pkg/src/odometry_pkg' returned '0': PYTHONPATH=/home/puzzlebot/Fantastic4/Odometria/odometry_pkg/build/odometry_pkg/prefix_override:/home/puzzlebot/Fantastic4/Odometria/odometry_pkg/install/odometry_pkg/lib/python3.8/site-packages:${PYTHONPATH} /usr/bin/python3 setup.py egg_info --egg-base ../../build/odometry_pkg build --build-base /home/puzzlebot/Fantastic4/Odometria/odometry_pkg/build/odometry_pkg/build install --record /home/puzzlebot/Fantastic4/Odometria/odometry_pkg/build/odometry_pkg/install.log --single-version-externally-managed
