[0.714s] Invoking command in '/home/darhf/Manchester/Week10/odometry/src/odometry_pkg': PYTHONPATH=/home/darhf/Manchester/Week10/odometry/build/odometry_pkg/prefix_override:/usr/lib/python3/dist-packages/colcon_core/task/python/colcon_distutils_commands:/home/darhf/Manchester/Week10/odometry/install/odometry_pkg/lib/python3.10/site-packages:${PYTHONPATH} /usr/bin/python3 -W ignore:setup.py install is deprecated -W ignore:easy_install command is deprecated setup.py egg_info --egg-base ../../build/odometry_pkg build --build-base /home/darhf/Manchester/Week10/odometry/build/odometry_pkg/build install --record /home/darhf/Manchester/Week10/odometry/build/odometry_pkg/install.log --single-version-externally-managed install_data
[0.932s] running egg_info
[0.933s] creating ../../build/odometry_pkg/odometry_pkg.egg-info
[0.933s] writing ../../build/odometry_pkg/odometry_pkg.egg-info/PKG-INFO
[0.933s] writing dependency_links to ../../build/odometry_pkg/odometry_pkg.egg-info/dependency_links.txt
[0.933s] writing entry points to ../../build/odometry_pkg/odometry_pkg.egg-info/entry_points.txt
[0.933s] writing requirements to ../../build/odometry_pkg/odometry_pkg.egg-info/requires.txt
[0.933s] writing top-level names to ../../build/odometry_pkg/odometry_pkg.egg-info/top_level.txt
[0.934s] writing manifest file '../../build/odometry_pkg/odometry_pkg.egg-info/SOURCES.txt'
[0.935s] reading manifest file '../../build/odometry_pkg/odometry_pkg.egg-info/SOURCES.txt'
[0.936s] writing manifest file '../../build/odometry_pkg/odometry_pkg.egg-info/SOURCES.txt'
[0.936s] running build
[0.936s] running build_py
[0.936s] creating /home/darhf/Manchester/Week10/odometry/build/odometry_pkg/build
[0.936s] creating /home/darhf/Manchester/Week10/odometry/build/odometry_pkg/build/lib
[0.936s] creating /home/darhf/Manchester/Week10/odometry/build/odometry_pkg/build/lib/odometry_pkg
[0.936s] copying odometry_pkg/__init__.py -> /home/darhf/Manchester/Week10/odometry/build/odometry_pkg/build/lib/odometry_pkg
[0.936s] running install
[0.937s] running install_lib
[0.937s] creating /home/darhf/Manchester/Week10/odometry/install/odometry_pkg/lib/python3.10/site-packages/odometry_pkg
[0.937s] copying /home/darhf/Manchester/Week10/odometry/build/odometry_pkg/build/lib/odometry_pkg/__init__.py -> /home/darhf/Manchester/Week10/odometry/install/odometry_pkg/lib/python3.10/site-packages/odometry_pkg
[0.938s] byte-compiling /home/darhf/Manchester/Week10/odometry/install/odometry_pkg/lib/python3.10/site-packages/odometry_pkg/__init__.py to __init__.cpython-310.pyc
[0.938s] running install_data
[0.938s] creating /home/darhf/Manchester/Week10/odometry/install/odometry_pkg/share/ament_index
[0.938s] creating /home/darhf/Manchester/Week10/odometry/install/odometry_pkg/share/ament_index/resource_index
[0.938s] creating /home/darhf/Manchester/Week10/odometry/install/odometry_pkg/share/ament_index/resource_index/packages
[0.938s] copying resource/odometry_pkg -> /home/darhf/Manchester/Week10/odometry/install/odometry_pkg/share/ament_index/resource_index/packages
[0.938s] copying package.xml -> /home/darhf/Manchester/Week10/odometry/install/odometry_pkg/share/odometry_pkg
[0.938s] running install_egg_info
[0.940s] Copying ../../build/odometry_pkg/odometry_pkg.egg-info to /home/darhf/Manchester/Week10/odometry/install/odometry_pkg/lib/python3.10/site-packages/odometry_pkg-0.0.0-py3.10.egg-info
[0.941s] running install_scripts
[0.961s] writing list of installed files to '/home/darhf/Manchester/Week10/odometry/build/odometry_pkg/install.log'
[1.002s] Invoked command in '/home/darhf/Manchester/Week10/odometry/src/odometry_pkg' returned '0': PYTHONPATH=/home/darhf/Manchester/Week10/odometry/build/odometry_pkg/prefix_override:/usr/lib/python3/dist-packages/colcon_core/task/python/colcon_distutils_commands:/home/darhf/Manchester/Week10/odometry/install/odometry_pkg/lib/python3.10/site-packages:${PYTHONPATH} /usr/bin/python3 -W ignore:setup.py install is deprecated -W ignore:easy_install command is deprecated setup.py egg_info --egg-base ../../build/odometry_pkg build --build-base /home/darhf/Manchester/Week10/odometry/build/odometry_pkg/build install --record /home/darhf/Manchester/Week10/odometry/build/odometry_pkg/install.log --single-version-externally-managed install_data
