[11.587s] DEBUG:colcon:Command line arguments: ['/usr/bin/colcon', 'build']
[11.587s] DEBUG:colcon:Parsed command line arguments: Namespace(allow_overriding=[], ament_cmake_args=None, base_paths=['.'], build_base='build', catkin_cmake_args=None, catkin_skip_building_tests=False, cmake_args=None, cmake_clean_cache=False, cmake_clean_first=False, cmake_force_configure=False, cmake_target=None, cmake_target_skip_unavailable=False, continue_on_error=False, event_handlers=None, executor='parallel', ignore_user_meta=False, install_base='install', log_base=None, log_level=None, main=<bound method BuildVerb.main of <colcon_core.verb.build.BuildVerb object at 0x7fa78f7a90>>, merge_install=False, metas=['./colcon.meta'], packages_above=None, packages_above_and_dependencies=None, packages_above_depth=None, packages_end=None, packages_ignore=None, packages_ignore_regex=None, packages_select=None, packages_select_build_failed=False, packages_select_by_dep=None, packages_select_regex=None, packages_select_test_failures=False, packages_skip=None, packages_skip_build_finished=False, packages_skip_by_dep=None, packages_skip_regex=None, packages_skip_test_passed=False, packages_skip_up_to=None, packages_start=None, packages_up_to=None, packages_up_to_regex=None, parallel_workers=4, paths=None, symlink_install=False, test_result_base=None, verb_extension=<colcon_core.verb.build.BuildVerb object at 0x7fa78f7a90>, verb_name='build', verb_parser=<colcon_defaults.argument_parser.defaults.DefaultArgumentsDecorator object at 0x7fa750e370>)
[12.091s] Level 1:colcon.colcon_core.package_discovery:discover_packages(colcon_meta) check parameters
[12.092s] Level 1:colcon.colcon_core.package_discovery:discover_packages(recursive) check parameters
[12.092s] Level 1:colcon.colcon_core.package_discovery:discover_packages(ignore) check parameters
[12.092s] Level 1:colcon.colcon_core.package_discovery:discover_packages(path) check parameters
[12.092s] Level 1:colcon.colcon_core.package_discovery:discover_packages(colcon_meta) discover
[12.092s] Level 1:colcon.colcon_core.package_discovery:discover_packages(recursive) discover
[12.092s] INFO:colcon.colcon_core.package_discovery:Crawling recursively for packages in '/home/puzzlebot/Fantastic4/src/Odometria/odometry_pkg'
[12.093s] Level 1:colcon.colcon_core.package_identification:_identify(.) by extensions ['ignore', 'ignore_ament_install']
[12.093s] Level 1:colcon.colcon_core.package_identification:_identify(.) by extension 'ignore'
[12.093s] Level 1:colcon.colcon_core.package_identification:_identify(.) by extension 'ignore_ament_install'
[12.094s] Level 1:colcon.colcon_core.package_identification:_identify(.) by extensions ['colcon_pkg']
[12.094s] Level 1:colcon.colcon_core.package_identification:_identify(.) by extension 'colcon_pkg'
[12.094s] Level 1:colcon.colcon_core.package_identification:_identify(.) by extensions ['colcon_meta']
[12.094s] Level 1:colcon.colcon_core.package_identification:_identify(.) by extension 'colcon_meta'
[12.094s] Level 1:colcon.colcon_core.package_identification:_identify(.) by extensions ['ros']
[12.094s] Level 1:colcon.colcon_core.package_identification:_identify(.) by extension 'ros'
[12.140s] Level 1:colcon.colcon_core.package_identification:_identify(.) by extensions ['cmake', 'python']
[12.140s] Level 1:colcon.colcon_core.package_identification:_identify(.) by extension 'cmake'
[12.140s] Level 1:colcon.colcon_core.package_identification:_identify(.) by extension 'python'
[12.140s] Level 1:colcon.colcon_core.package_identification:_identify(.) by extensions ['python_setup_py']
[12.140s] Level 1:colcon.colcon_core.package_identification:_identify(.) by extension 'python_setup_py'
[12.141s] Level 1:colcon.colcon_core.package_identification:_identify(build) by extensions ['ignore', 'ignore_ament_install']
[12.141s] Level 1:colcon.colcon_core.package_identification:_identify(build) by extension 'ignore'
[12.141s] Level 1:colcon.colcon_core.package_identification:_identify(build) ignored
[12.142s] Level 1:colcon.colcon_core.package_identification:_identify(install) by extensions ['ignore', 'ignore_ament_install']
[12.142s] Level 1:colcon.colcon_core.package_identification:_identify(install) by extension 'ignore'
[12.142s] Level 1:colcon.colcon_core.package_identification:_identify(install) ignored
[12.143s] Level 1:colcon.colcon_core.package_identification:_identify(log) by extensions ['ignore', 'ignore_ament_install']
[12.143s] Level 1:colcon.colcon_core.package_identification:_identify(log) by extension 'ignore'
[12.143s] Level 1:colcon.colcon_core.package_identification:_identify(log) ignored
[12.144s] Level 1:colcon.colcon_core.package_identification:_identify(src) by extensions ['ignore', 'ignore_ament_install']
[12.144s] Level 1:colcon.colcon_core.package_identification:_identify(src) by extension 'ignore'
[12.144s] Level 1:colcon.colcon_core.package_identification:_identify(src) by extension 'ignore_ament_install'
[12.144s] Level 1:colcon.colcon_core.package_identification:_identify(src) by extensions ['colcon_pkg']
[12.145s] Level 1:colcon.colcon_core.package_identification:_identify(src) by extension 'colcon_pkg'
[12.145s] Level 1:colcon.colcon_core.package_identification:_identify(src) by extensions ['colcon_meta']
[12.145s] Level 1:colcon.colcon_core.package_identification:_identify(src) by extension 'colcon_meta'
[12.145s] Level 1:colcon.colcon_core.package_identification:_identify(src) by extensions ['ros']
[12.145s] Level 1:colcon.colcon_core.package_identification:_identify(src) by extension 'ros'
[12.146s] Level 1:colcon.colcon_core.package_identification:_identify(src) by extensions ['cmake', 'python']
[12.146s] Level 1:colcon.colcon_core.package_identification:_identify(src) by extension 'cmake'
[12.146s] Level 1:colcon.colcon_core.package_identification:_identify(src) by extension 'python'
[12.146s] Level 1:colcon.colcon_core.package_identification:_identify(src) by extensions ['python_setup_py']
[12.146s] Level 1:colcon.colcon_core.package_identification:_identify(src) by extension 'python_setup_py'
[12.147s] Level 1:colcon.colcon_core.package_identification:_identify(src/odometry_pkg) by extensions ['ignore', 'ignore_ament_install']
[12.147s] Level 1:colcon.colcon_core.package_identification:_identify(src/odometry_pkg) by extension 'ignore'
[12.147s] Level 1:colcon.colcon_core.package_identification:_identify(src/odometry_pkg) by extension 'ignore_ament_install'
[12.147s] Level 1:colcon.colcon_core.package_identification:_identify(src/odometry_pkg) by extensions ['colcon_pkg']
[12.147s] Level 1:colcon.colcon_core.package_identification:_identify(src/odometry_pkg) by extension 'colcon_pkg'
[12.148s] Level 1:colcon.colcon_core.package_identification:_identify(src/odometry_pkg) by extensions ['colcon_meta']
[12.148s] Level 1:colcon.colcon_core.package_identification:_identify(src/odometry_pkg) by extension 'colcon_meta'
[12.148s] Level 1:colcon.colcon_core.package_identification:_identify(src/odometry_pkg) by extensions ['ros']
[12.148s] Level 1:colcon.colcon_core.package_identification:_identify(src/odometry_pkg) by extension 'ros'
[12.158s] DEBUG:colcon.colcon_core.package_identification:Package 'src/odometry_pkg' with type 'ros.ament_python' and name 'odometry_pkg'
[12.159s] Level 1:colcon.colcon_core.package_discovery:discover_packages(recursive) using defaults
[12.159s] Level 1:colcon.colcon_core.package_discovery:discover_packages(ignore) discover
[12.159s] Level 1:colcon.colcon_core.package_discovery:discover_packages(ignore) using defaults
[12.159s] Level 1:colcon.colcon_core.package_discovery:discover_packages(path) discover
[12.159s] Level 1:colcon.colcon_core.package_discovery:discover_packages(path) using defaults
[13.205s] Level 1:colcon.colcon_core.package_discovery:discover_packages(prefix_path) check parameters
[13.205s] Level 1:colcon.colcon_core.package_discovery:discover_packages(prefix_path) discover
[13.603s] DEBUG:colcon.colcon_installed_package_information.package_discovery:Found 1 installed packages in /home/puzzlebot/Fantastic4/src/ChallengeSem3/controlador/install
[13.799s] DEBUG:colcon.colcon_installed_package_information.package_discovery:Found 5 installed packages in /home/puzzlebot/ros2_packages_ws/install
[13.799s] Level 1:colcon.colcon_core.package_discovery:discover_packages(prefix_path) using defaults
[14.231s] Level 5:colcon.colcon_core.verb:set package 'odometry_pkg' build argument 'cmake_args' from command line to 'None'
[14.231s] Level 5:colcon.colcon_core.verb:set package 'odometry_pkg' build argument 'cmake_target' from command line to 'None'
[14.231s] Level 5:colcon.colcon_core.verb:set package 'odometry_pkg' build argument 'cmake_target_skip_unavailable' from command line to 'False'
[14.231s] Level 5:colcon.colcon_core.verb:set package 'odometry_pkg' build argument 'cmake_clean_cache' from command line to 'False'
[14.231s] Level 5:colcon.colcon_core.verb:set package 'odometry_pkg' build argument 'cmake_clean_first' from command line to 'False'
[14.231s] Level 5:colcon.colcon_core.verb:set package 'odometry_pkg' build argument 'cmake_force_configure' from command line to 'False'
[14.231s] Level 5:colcon.colcon_core.verb:set package 'odometry_pkg' build argument 'ament_cmake_args' from command line to 'None'
[14.232s] Level 5:colcon.colcon_core.verb:set package 'odometry_pkg' build argument 'catkin_cmake_args' from command line to 'None'
[14.232s] Level 5:colcon.colcon_core.verb:set package 'odometry_pkg' build argument 'catkin_skip_building_tests' from command line to 'False'
[14.232s] DEBUG:colcon.colcon_core.verb:Building package 'odometry_pkg' with the following arguments: {'ament_cmake_args': None, 'build_base': '/home/puzzlebot/Fantastic4/src/Odometria/odometry_pkg/build/odometry_pkg', 'catkin_cmake_args': None, 'catkin_skip_building_tests': False, 'cmake_args': None, 'cmake_clean_cache': False, 'cmake_clean_first': False, 'cmake_force_configure': False, 'cmake_target': None, 'cmake_target_skip_unavailable': False, 'install_base': '/home/puzzlebot/Fantastic4/src/Odometria/odometry_pkg/install/odometry_pkg', 'merge_install': False, 'path': '/home/puzzlebot/Fantastic4/src/Odometria/odometry_pkg/src/odometry_pkg', 'symlink_install': False, 'test_result_base': None}
[14.429s] INFO:colcon.colcon_core.executor:Executing jobs using 'parallel' executor
[14.626s] DEBUG:colcon.colcon_parallel_executor.executor.parallel:run_until_complete
[14.627s] INFO:colcon.colcon_ros.task.ament_python.build:Building ROS package in '/home/puzzlebot/Fantastic4/src/Odometria/odometry_pkg/src/odometry_pkg' with build type 'ament_python'
[14.627s] Level 1:colcon.colcon_core.shell:create_environment_hook('odometry_pkg', 'ament_prefix_path')
[14.837s] INFO:colcon.colcon_core.plugin_system:Skipping extension 'colcon_core.shell.bat': Not used on non-Windows systems
[14.838s] INFO:colcon.colcon_core.shell:Creating environment hook '/home/puzzlebot/Fantastic4/src/Odometria/odometry_pkg/install/odometry_pkg/share/odometry_pkg/hook/ament_prefix_path.ps1'
[14.840s] INFO:colcon.colcon_core.shell:Creating environment descriptor '/home/puzzlebot/Fantastic4/src/Odometria/odometry_pkg/install/odometry_pkg/share/odometry_pkg/hook/ament_prefix_path.dsv'
[14.842s] INFO:colcon.colcon_core.shell:Creating environment hook '/home/puzzlebot/Fantastic4/src/Odometria/odometry_pkg/install/odometry_pkg/share/odometry_pkg/hook/ament_prefix_path.sh'
[15.049s] INFO:colcon.colcon_core.shell:Skip shell extension 'powershell' for command environment: Not usable outside of PowerShell
[15.049s] DEBUG:colcon.colcon_core.shell:Skip shell extension 'dsv' for command environment
[16.762s] INFO:colcon.colcon_core.task.python.build:Building Python package in '/home/puzzlebot/Fantastic4/src/Odometria/odometry_pkg/src/odometry_pkg'
[16.965s] INFO:colcon.colcon_core.shell:Skip shell extension 'powershell' for command environment: Not usable outside of PowerShell
[16.965s] DEBUG:colcon.colcon_core.shell:Skip shell extension 'dsv' for command environment
[19.405s] DEBUG:colcon.colcon_core.event_handler.log_command:Invoking command in '/home/puzzlebot/Fantastic4/src/Odometria/odometry_pkg/src/odometry_pkg': PYTHONPATH=/home/puzzlebot/Fantastic4/src/Odometria/odometry_pkg/build/odometry_pkg/prefix_override:/home/puzzlebot/Fantastic4/src/Odometria/odometry_pkg/install/odometry_pkg/lib/python3.8/site-packages:${PYTHONPATH} /usr/bin/python3 setup.py egg_info --egg-base ../../build/odometry_pkg build --build-base /home/puzzlebot/Fantastic4/src/Odometria/odometry_pkg/build/odometry_pkg/build install --record /home/puzzlebot/Fantastic4/src/Odometria/odometry_pkg/build/odometry_pkg/install.log --single-version-externally-managed
[20.797s] DEBUG:colcon.colcon_core.event_handler.log_command:Invoked command in '/home/puzzlebot/Fantastic4/src/Odometria/odometry_pkg/src/odometry_pkg' returned '0': PYTHONPATH=/home/puzzlebot/Fantastic4/src/Odometria/odometry_pkg/build/odometry_pkg/prefix_override:/home/puzzlebot/Fantastic4/src/Odometria/odometry_pkg/install/odometry_pkg/lib/python3.8/site-packages:${PYTHONPATH} /usr/bin/python3 setup.py egg_info --egg-base ../../build/odometry_pkg build --build-base /home/puzzlebot/Fantastic4/src/Odometria/odometry_pkg/build/odometry_pkg/build install --record /home/puzzlebot/Fantastic4/src/Odometria/odometry_pkg/build/odometry_pkg/install.log --single-version-externally-managed
[21.010s] Level 1:colcon.colcon_core.environment:checking '/home/puzzlebot/Fantastic4/src/Odometria/odometry_pkg/install/odometry_pkg' for CMake module files
[21.012s] Level 1:colcon.colcon_core.environment:checking '/home/puzzlebot/Fantastic4/src/Odometria/odometry_pkg/install/odometry_pkg' for CMake config files
[21.015s] Level 1:colcon.colcon_core.environment:checking '/home/puzzlebot/Fantastic4/src/Odometria/odometry_pkg/install/odometry_pkg/lib'
[21.016s] Level 1:colcon.colcon_core.environment:checking '/home/puzzlebot/Fantastic4/src/Odometria/odometry_pkg/install/odometry_pkg/bin'
[21.016s] Level 1:colcon.colcon_core.environment:checking '/home/puzzlebot/Fantastic4/src/Odometria/odometry_pkg/install/odometry_pkg/lib/pkgconfig/odometry_pkg.pc'
[21.017s] Level 1:colcon.colcon_core.environment:checking '/home/puzzlebot/Fantastic4/src/Odometria/odometry_pkg/install/odometry_pkg/lib/python3.8/site-packages'
[21.017s] Level 1:colcon.colcon_core.shell:create_environment_hook('odometry_pkg', 'pythonpath')
[21.221s] INFO:colcon.colcon_core.shell:Creating environment hook '/home/puzzlebot/Fantastic4/src/Odometria/odometry_pkg/install/odometry_pkg/share/odometry_pkg/hook/pythonpath.ps1'
[21.222s] INFO:colcon.colcon_core.shell:Creating environment descriptor '/home/puzzlebot/Fantastic4/src/Odometria/odometry_pkg/install/odometry_pkg/share/odometry_pkg/hook/pythonpath.dsv'
[21.223s] INFO:colcon.colcon_core.shell:Creating environment hook '/home/puzzlebot/Fantastic4/src/Odometria/odometry_pkg/install/odometry_pkg/share/odometry_pkg/hook/pythonpath.sh'
[21.225s] Level 1:colcon.colcon_core.environment:checking '/home/puzzlebot/Fantastic4/src/Odometria/odometry_pkg/install/odometry_pkg/bin'
[21.226s] Level 1:colcon.colcon_core.environment:create_environment_scripts_only(odometry_pkg)
[21.430s] INFO:colcon.colcon_core.shell:Creating package script '/home/puzzlebot/Fantastic4/src/Odometria/odometry_pkg/install/odometry_pkg/share/odometry_pkg/package.ps1'
[21.433s] INFO:colcon.colcon_core.shell:Creating package descriptor '/home/puzzlebot/Fantastic4/src/Odometria/odometry_pkg/install/odometry_pkg/share/odometry_pkg/package.dsv'
[21.435s] INFO:colcon.colcon_core.shell:Creating package script '/home/puzzlebot/Fantastic4/src/Odometria/odometry_pkg/install/odometry_pkg/share/odometry_pkg/package.sh'
[21.438s] INFO:colcon.colcon_core.shell:Creating package script '/home/puzzlebot/Fantastic4/src/Odometria/odometry_pkg/install/odometry_pkg/share/odometry_pkg/package.bash'
[21.441s] INFO:colcon.colcon_core.shell:Creating package script '/home/puzzlebot/Fantastic4/src/Odometria/odometry_pkg/install/odometry_pkg/share/odometry_pkg/package.zsh'
[21.444s] Level 1:colcon.colcon_core.environment:create_file_with_runtime_dependencies(/home/puzzlebot/Fantastic4/src/Odometria/odometry_pkg/install/odometry_pkg/share/colcon-core/packages/odometry_pkg)
[21.445s] DEBUG:colcon.colcon_parallel_executor.executor.parallel:closing loop
[21.446s] DEBUG:colcon.colcon_parallel_executor.executor.parallel:loop closed
[21.447s] DEBUG:colcon.colcon_parallel_executor.executor.parallel:run_until_complete finished with '0'
[21.447s] DEBUG:colcon.colcon_core.event_reactor:joining thread
[21.668s] INFO:colcon.colcon_core.plugin_system:Skipping extension 'colcon_notification.desktop_notification.terminal_notifier': Not used on non-Darwin systems
[21.668s] INFO:colcon.colcon_core.plugin_system:Skipping extension 'colcon_notification.desktop_notification.win32': Not used on non-Windows systems
[21.668s] INFO:colcon.colcon_notification.desktop_notification:Sending desktop notification using 'notify2'
[21.719s] DEBUG:colcon.colcon_core.event_reactor:joined thread
[21.937s] INFO:colcon.colcon_core.shell:Creating prefix script '/home/puzzlebot/Fantastic4/src/Odometria/odometry_pkg/install/local_setup.ps1'
[21.942s] INFO:colcon.colcon_core.shell:Creating prefix util module '/home/puzzlebot/Fantastic4/src/Odometria/odometry_pkg/install/_local_setup_util_ps1.py'
[21.947s] INFO:colcon.colcon_core.shell:Creating prefix chain script '/home/puzzlebot/Fantastic4/src/Odometria/odometry_pkg/install/setup.ps1'
[22.159s] INFO:colcon.colcon_core.shell:Creating prefix script '/home/puzzlebot/Fantastic4/src/Odometria/odometry_pkg/install/local_setup.sh'
[22.161s] INFO:colcon.colcon_core.shell:Creating prefix util module '/home/puzzlebot/Fantastic4/src/Odometria/odometry_pkg/install/_local_setup_util_sh.py'
[22.163s] INFO:colcon.colcon_core.shell:Creating prefix chain script '/home/puzzlebot/Fantastic4/src/Odometria/odometry_pkg/install/setup.sh'
[22.370s] INFO:colcon.colcon_core.shell:Creating prefix script '/home/puzzlebot/Fantastic4/src/Odometria/odometry_pkg/install/local_setup.bash'
[22.372s] INFO:colcon.colcon_core.shell:Creating prefix chain script '/home/puzzlebot/Fantastic4/src/Odometria/odometry_pkg/install/setup.bash'
[22.577s] INFO:colcon.colcon_core.shell:Creating prefix script '/home/puzzlebot/Fantastic4/src/Odometria/odometry_pkg/install/local_setup.zsh'
[22.579s] INFO:colcon.colcon_core.shell:Creating prefix chain script '/home/puzzlebot/Fantastic4/src/Odometria/odometry_pkg/install/setup.zsh'
