[0.101s] DEBUG:colcon:Command line arguments: ['/usr/bin/colcon', 'build']
[0.101s] DEBUG:colcon:Parsed command line arguments: Namespace(log_base=None, log_level=None, verb_name='build', build_base='build', install_base='install', merge_install=False, symlink_install=False, test_result_base=None, continue_on_error=False, executor='parallel', parallel_workers=16, event_handlers=None, ignore_user_meta=False, metas=['./colcon.meta'], base_paths=['.'], packages_ignore=None, packages_ignore_regex=None, paths=None, packages_up_to=None, packages_up_to_regex=None, packages_above=None, packages_above_and_dependencies=None, packages_above_depth=None, packages_select_by_dep=None, packages_skip_by_dep=None, packages_skip_up_to=None, packages_select_build_failed=False, packages_skip_build_finished=False, packages_select_test_failures=False, packages_skip_test_passed=False, packages_select=None, packages_skip=None, packages_select_regex=None, packages_skip_regex=None, packages_start=None, packages_end=None, allow_overriding=[], cmake_args=None, cmake_target=None, cmake_target_skip_unavailable=False, cmake_clean_cache=False, cmake_clean_first=False, cmake_force_configure=False, ament_cmake_args=None, catkin_cmake_args=None, catkin_skip_building_tests=False, mixin_files=None, mixin=None, verb_parser=<colcon_mixin.mixin.mixin_argument.MixinArgumentDecorator object at 0x7046e84a0340>, verb_extension=<colcon_core.verb.build.BuildVerb object at 0x7046e8463d30>, main=<bound method BuildVerb.main of <colcon_core.verb.build.BuildVerb object at 0x7046e8463d30>>, mixin_verb=('build',))
[0.255s] Level 1:colcon.colcon_core.package_discovery:discover_packages(colcon_meta) check parameters
[0.255s] Level 1:colcon.colcon_core.package_discovery:discover_packages(recursive) check parameters
[0.255s] Level 1:colcon.colcon_core.package_discovery:discover_packages(ignore) check parameters
[0.255s] Level 1:colcon.colcon_core.package_discovery:discover_packages(path) check parameters
[0.255s] Level 1:colcon.colcon_core.package_discovery:discover_packages(colcon_meta) discover
[0.255s] Level 1:colcon.colcon_core.package_discovery:discover_packages(recursive) discover
[0.255s] INFO:colcon.colcon_core.package_discovery:Crawling recursively for packages in '/home/darhf/Manchester/Week10/odometry'
[0.255s] Level 1:colcon.colcon_core.package_identification:_identify(.) by extensions ['ignore', 'ignore_ament_install']
[0.255s] Level 1:colcon.colcon_core.package_identification:_identify(.) by extension 'ignore'
[0.255s] Level 1:colcon.colcon_core.package_identification:_identify(.) by extension 'ignore_ament_install'
[0.255s] Level 1:colcon.colcon_core.package_identification:_identify(.) by extensions ['colcon_pkg']
[0.255s] Level 1:colcon.colcon_core.package_identification:_identify(.) by extension 'colcon_pkg'
[0.255s] Level 1:colcon.colcon_core.package_identification:_identify(.) by extensions ['colcon_meta']
[0.255s] Level 1:colcon.colcon_core.package_identification:_identify(.) by extension 'colcon_meta'
[0.255s] Level 1:colcon.colcon_core.package_identification:_identify(.) by extensions ['ros']
[0.255s] Level 1:colcon.colcon_core.package_identification:_identify(.) by extension 'ros'
[0.293s] Level 1:colcon.colcon_core.package_identification:_identify(.) by extensions ['cmake', 'python']
[0.294s] Level 1:colcon.colcon_core.package_identification:_identify(.) by extension 'cmake'
[0.294s] Level 1:colcon.colcon_core.package_identification:_identify(.) by extension 'python'
[0.294s] Level 1:colcon.colcon_core.package_identification:_identify(.) by extensions ['python_setup_py']
[0.294s] Level 1:colcon.colcon_core.package_identification:_identify(.) by extension 'python_setup_py'
[0.294s] Level 1:colcon.colcon_core.package_identification:_identify(build) by extensions ['ignore', 'ignore_ament_install']
[0.294s] Level 1:colcon.colcon_core.package_identification:_identify(build) by extension 'ignore'
[0.294s] Level 1:colcon.colcon_core.package_identification:_identify(build) ignored
[0.294s] Level 1:colcon.colcon_core.package_identification:_identify(install) by extensions ['ignore', 'ignore_ament_install']
[0.294s] Level 1:colcon.colcon_core.package_identification:_identify(install) by extension 'ignore'
[0.294s] Level 1:colcon.colcon_core.package_identification:_identify(install) ignored
[0.294s] Level 1:colcon.colcon_core.package_identification:_identify(log) by extensions ['ignore', 'ignore_ament_install']
[0.294s] Level 1:colcon.colcon_core.package_identification:_identify(log) by extension 'ignore'
[0.294s] Level 1:colcon.colcon_core.package_identification:_identify(log) ignored
[0.294s] Level 1:colcon.colcon_core.package_identification:_identify(src) by extensions ['ignore', 'ignore_ament_install']
[0.294s] Level 1:colcon.colcon_core.package_identification:_identify(src) by extension 'ignore'
[0.295s] Level 1:colcon.colcon_core.package_identification:_identify(src) by extension 'ignore_ament_install'
[0.295s] Level 1:colcon.colcon_core.package_identification:_identify(src) by extensions ['colcon_pkg']
[0.295s] Level 1:colcon.colcon_core.package_identification:_identify(src) by extension 'colcon_pkg'
[0.295s] Level 1:colcon.colcon_core.package_identification:_identify(src) by extensions ['colcon_meta']
[0.295s] Level 1:colcon.colcon_core.package_identification:_identify(src) by extension 'colcon_meta'
[0.295s] Level 1:colcon.colcon_core.package_identification:_identify(src) by extensions ['ros']
[0.295s] Level 1:colcon.colcon_core.package_identification:_identify(src) by extension 'ros'
[0.295s] Level 1:colcon.colcon_core.package_identification:_identify(src) by extensions ['cmake', 'python']
[0.295s] Level 1:colcon.colcon_core.package_identification:_identify(src) by extension 'cmake'
[0.295s] Level 1:colcon.colcon_core.package_identification:_identify(src) by extension 'python'
[0.295s] Level 1:colcon.colcon_core.package_identification:_identify(src) by extensions ['python_setup_py']
[0.295s] Level 1:colcon.colcon_core.package_identification:_identify(src) by extension 'python_setup_py'
[0.295s] Level 1:colcon.colcon_core.package_identification:_identify(src/odometry_pkg) by extensions ['ignore', 'ignore_ament_install']
[0.295s] Level 1:colcon.colcon_core.package_identification:_identify(src/odometry_pkg) by extension 'ignore'
[0.295s] Level 1:colcon.colcon_core.package_identification:_identify(src/odometry_pkg) by extension 'ignore_ament_install'
[0.295s] Level 1:colcon.colcon_core.package_identification:_identify(src/odometry_pkg) by extensions ['colcon_pkg']
[0.295s] Level 1:colcon.colcon_core.package_identification:_identify(src/odometry_pkg) by extension 'colcon_pkg'
[0.295s] Level 1:colcon.colcon_core.package_identification:_identify(src/odometry_pkg) by extensions ['colcon_meta']
[0.295s] Level 1:colcon.colcon_core.package_identification:_identify(src/odometry_pkg) by extension 'colcon_meta'
[0.295s] Level 1:colcon.colcon_core.package_identification:_identify(src/odometry_pkg) by extensions ['ros']
[0.295s] Level 1:colcon.colcon_core.package_identification:_identify(src/odometry_pkg) by extension 'ros'
[0.298s] DEBUG:colcon.colcon_core.package_identification:Found ROS schema reference in package manifest in 'src/odometry_pkg'
[0.298s] WARNING:colcon.colcon_core.package_identification:Failed to parse ROS package manifest in 'src/odometry_pkg': Error(s) in package 'src/odometry_pkg/package.xml':
Error(s):
- The generic dependency on 'rclpy' is redundant with: exec_depend
- The generic dependency on 'std_msgs' is redundant with: exec_depend
- The generic dependency on 'nav_msgs' is redundant with: exec_depend
- The generic dependency on 'tf2_ros' is redundant with: exec_depend
[0.298s] Level 1:colcon.colcon_core.package_identification:_identify(src/odometry_pkg) by extensions ['cmake', 'python']
[0.298s] Level 1:colcon.colcon_core.package_identification:_identify(src/odometry_pkg) by extension 'cmake'
[0.298s] Level 1:colcon.colcon_core.package_identification:_identify(src/odometry_pkg) by extension 'python'
[0.298s] DEBUG:colcon.colcon_core.package_identification:Python package in 'src/odometry_pkg' passes arguments to the setup() function which requires a different identification extension than 'python'
[0.298s] Level 1:colcon.colcon_core.package_identification:_identify(src/odometry_pkg) by extensions ['python_setup_py']
[0.298s] Level 1:colcon.colcon_core.package_identification:_identify(src/odometry_pkg) by extension 'python_setup_py'
[0.560s] DEBUG:colcon.colcon_core.package_identification:Package 'src/odometry_pkg' with type 'python' and name 'odometry_pkg'
[0.561s] Level 1:colcon.colcon_core.package_discovery:discover_packages(recursive) using defaults
[0.561s] Level 1:colcon.colcon_core.package_discovery:discover_packages(ignore) discover
[0.561s] Level 1:colcon.colcon_core.package_discovery:discover_packages(ignore) using defaults
[0.561s] Level 1:colcon.colcon_core.package_discovery:discover_packages(path) discover
[0.561s] Level 1:colcon.colcon_core.package_discovery:discover_packages(path) using defaults
[0.586s] Level 1:colcon.colcon_core.package_discovery:discover_packages(prefix_path) check parameters
[0.586s] Level 1:colcon.colcon_core.package_discovery:discover_packages(prefix_path) discover
[0.588s] DEBUG:colcon.colcon_installed_package_information.package_discovery:Found 12 installed packages in /home/darhf/turtlebot3_ws/install
[0.589s] DEBUG:colcon.colcon_installed_package_information.package_discovery:Found 363 installed packages in /opt/ros/humble
[0.591s] Level 1:colcon.colcon_core.package_discovery:discover_packages(prefix_path) using defaults
[0.628s] Level 5:colcon.colcon_core.verb:set package 'odometry_pkg' build argument 'cmake_args' from command line to 'None'
[0.628s] Level 5:colcon.colcon_core.verb:set package 'odometry_pkg' build argument 'cmake_target' from command line to 'None'
[0.628s] Level 5:colcon.colcon_core.verb:set package 'odometry_pkg' build argument 'cmake_target_skip_unavailable' from command line to 'False'
[0.628s] Level 5:colcon.colcon_core.verb:set package 'odometry_pkg' build argument 'cmake_clean_cache' from command line to 'False'
[0.628s] Level 5:colcon.colcon_core.verb:set package 'odometry_pkg' build argument 'cmake_clean_first' from command line to 'False'
[0.628s] Level 5:colcon.colcon_core.verb:set package 'odometry_pkg' build argument 'cmake_force_configure' from command line to 'False'
[0.628s] Level 5:colcon.colcon_core.verb:set package 'odometry_pkg' build argument 'ament_cmake_args' from command line to 'None'
[0.628s] Level 5:colcon.colcon_core.verb:set package 'odometry_pkg' build argument 'catkin_cmake_args' from command line to 'None'
[0.628s] Level 5:colcon.colcon_core.verb:set package 'odometry_pkg' build argument 'catkin_skip_building_tests' from command line to 'False'
[0.628s] DEBUG:colcon.colcon_core.verb:Building package 'odometry_pkg' with the following arguments: {'ament_cmake_args': None, 'build_base': '/home/darhf/Manchester/Week10/odometry/build/odometry_pkg', 'catkin_cmake_args': None, 'catkin_skip_building_tests': False, 'cmake_args': None, 'cmake_clean_cache': False, 'cmake_clean_first': False, 'cmake_force_configure': False, 'cmake_target': None, 'cmake_target_skip_unavailable': False, 'install_base': '/home/darhf/Manchester/Week10/odometry/install/odometry_pkg', 'merge_install': False, 'path': '/home/darhf/Manchester/Week10/odometry/src/odometry_pkg', 'symlink_install': False, 'test_result_base': None}
[0.628s] INFO:colcon.colcon_core.executor:Executing jobs using 'parallel' executor
[0.630s] DEBUG:colcon.colcon_parallel_executor.executor.parallel:run_until_complete
[0.630s] INFO:colcon.colcon_core.task.python.build:Building Python package in '/home/darhf/Manchester/Week10/odometry/src/odometry_pkg'
[0.633s] INFO:colcon.colcon_core.plugin_system:Skipping extension 'colcon_core.shell.bat': Not used on non-Windows systems
[0.633s] INFO:colcon.colcon_core.shell:Skip shell extension 'powershell' for command environment: Not usable outside of PowerShell
[0.633s] DEBUG:colcon.colcon_core.shell:Skip shell extension 'dsv' for command environment
[1.281s] DEBUG:colcon.colcon_core.event_handler.log_command:Invoking command in '/home/darhf/Manchester/Week10/odometry/src/odometry_pkg': PYTHONPATH=/home/darhf/Manchester/Week10/odometry/build/odometry_pkg/prefix_override:/usr/lib/python3/dist-packages/colcon_core/task/python/colcon_distutils_commands:/home/darhf/Manchester/Week10/odometry/install/odometry_pkg/lib/python3.10/site-packages:${PYTHONPATH} /usr/bin/python3 -W ignore:setup.py install is deprecated -W ignore:easy_install command is deprecated setup.py egg_info --egg-base ../../build/odometry_pkg build --build-base /home/darhf/Manchester/Week10/odometry/build/odometry_pkg/build install --record /home/darhf/Manchester/Week10/odometry/build/odometry_pkg/install.log --single-version-externally-managed install_data
[1.572s] DEBUG:colcon.colcon_core.event_handler.log_command:Invoked command in '/home/darhf/Manchester/Week10/odometry/src/odometry_pkg' returned '0': PYTHONPATH=/home/darhf/Manchester/Week10/odometry/build/odometry_pkg/prefix_override:/usr/lib/python3/dist-packages/colcon_core/task/python/colcon_distutils_commands:/home/darhf/Manchester/Week10/odometry/install/odometry_pkg/lib/python3.10/site-packages:${PYTHONPATH} /usr/bin/python3 -W ignore:setup.py install is deprecated -W ignore:easy_install command is deprecated setup.py egg_info --egg-base ../../build/odometry_pkg build --build-base /home/darhf/Manchester/Week10/odometry/build/odometry_pkg/build install --record /home/darhf/Manchester/Week10/odometry/build/odometry_pkg/install.log --single-version-externally-managed install_data
[1.574s] Level 1:colcon.colcon_core.environment:checking '/home/darhf/Manchester/Week10/odometry/install/odometry_pkg' for CMake module files
[1.575s] Level 1:colcon.colcon_core.environment:checking '/home/darhf/Manchester/Week10/odometry/install/odometry_pkg' for CMake config files
[1.575s] Level 1:colcon.colcon_core.environment:checking '/home/darhf/Manchester/Week10/odometry/install/odometry_pkg/lib'
[1.576s] Level 1:colcon.colcon_core.environment:checking '/home/darhf/Manchester/Week10/odometry/install/odometry_pkg/bin'
[1.576s] Level 1:colcon.colcon_core.environment:checking '/home/darhf/Manchester/Week10/odometry/install/odometry_pkg/lib/pkgconfig/odometry_pkg.pc'
[1.576s] Level 1:colcon.colcon_core.environment:checking '/home/darhf/Manchester/Week10/odometry/install/odometry_pkg/lib/python3.10/site-packages'
[1.576s] Level 1:colcon.colcon_core.shell:create_environment_hook('odometry_pkg', 'pythonpath')
[1.576s] INFO:colcon.colcon_core.shell:Creating environment hook '/home/darhf/Manchester/Week10/odometry/install/odometry_pkg/share/odometry_pkg/hook/pythonpath.ps1'
[1.577s] INFO:colcon.colcon_core.shell:Creating environment descriptor '/home/darhf/Manchester/Week10/odometry/install/odometry_pkg/share/odometry_pkg/hook/pythonpath.dsv'
[1.577s] INFO:colcon.colcon_core.shell:Creating environment hook '/home/darhf/Manchester/Week10/odometry/install/odometry_pkg/share/odometry_pkg/hook/pythonpath.sh'
[1.578s] Level 1:colcon.colcon_core.environment:checking '/home/darhf/Manchester/Week10/odometry/install/odometry_pkg/bin'
[1.578s] Level 1:colcon.colcon_core.environment:create_environment_scripts_only(odometry_pkg)
[1.578s] INFO:colcon.colcon_core.shell:Creating package script '/home/darhf/Manchester/Week10/odometry/install/odometry_pkg/share/odometry_pkg/package.ps1'
[1.579s] INFO:colcon.colcon_core.shell:Creating package descriptor '/home/darhf/Manchester/Week10/odometry/install/odometry_pkg/share/odometry_pkg/package.dsv'
[1.580s] INFO:colcon.colcon_core.shell:Creating package script '/home/darhf/Manchester/Week10/odometry/install/odometry_pkg/share/odometry_pkg/package.sh'
[1.580s] INFO:colcon.colcon_core.shell:Creating package script '/home/darhf/Manchester/Week10/odometry/install/odometry_pkg/share/odometry_pkg/package.bash'
[1.581s] INFO:colcon.colcon_core.shell:Creating package script '/home/darhf/Manchester/Week10/odometry/install/odometry_pkg/share/odometry_pkg/package.zsh'
[1.582s] Level 1:colcon.colcon_core.environment:create_file_with_runtime_dependencies(/home/darhf/Manchester/Week10/odometry/install/odometry_pkg/share/colcon-core/packages/odometry_pkg)
[1.582s] DEBUG:colcon.colcon_parallel_executor.executor.parallel:closing loop
[1.582s] DEBUG:colcon.colcon_parallel_executor.executor.parallel:loop closed
[1.583s] DEBUG:colcon.colcon_parallel_executor.executor.parallel:run_until_complete finished with '0'
[1.583s] DEBUG:colcon.colcon_core.event_reactor:joining thread
[1.588s] INFO:colcon.colcon_core.plugin_system:Skipping extension 'colcon_notification.desktop_notification.terminal_notifier': Not used on non-Darwin systems
[1.588s] INFO:colcon.colcon_core.plugin_system:Skipping extension 'colcon_notification.desktop_notification.win32': Not used on non-Windows systems
[1.588s] INFO:colcon.colcon_notification.desktop_notification:Sending desktop notification using 'notify2'
[1.603s] DEBUG:colcon.colcon_core.event_reactor:joined thread
[1.604s] INFO:colcon.colcon_core.shell:Creating prefix script '/home/darhf/Manchester/Week10/odometry/install/local_setup.ps1'
[1.604s] INFO:colcon.colcon_core.shell:Creating prefix util module '/home/darhf/Manchester/Week10/odometry/install/_local_setup_util_ps1.py'
[1.606s] INFO:colcon.colcon_core.shell:Creating prefix chain script '/home/darhf/Manchester/Week10/odometry/install/setup.ps1'
[1.607s] INFO:colcon.colcon_core.shell:Creating prefix script '/home/darhf/Manchester/Week10/odometry/install/local_setup.sh'
[1.607s] INFO:colcon.colcon_core.shell:Creating prefix util module '/home/darhf/Manchester/Week10/odometry/install/_local_setup_util_sh.py'
[1.608s] INFO:colcon.colcon_core.shell:Creating prefix chain script '/home/darhf/Manchester/Week10/odometry/install/setup.sh'
[1.609s] INFO:colcon.colcon_core.shell:Creating prefix script '/home/darhf/Manchester/Week10/odometry/install/local_setup.bash'
[1.610s] INFO:colcon.colcon_core.shell:Creating prefix chain script '/home/darhf/Manchester/Week10/odometry/install/setup.bash'
[1.612s] INFO:colcon.colcon_core.shell:Creating prefix script '/home/darhf/Manchester/Week10/odometry/install/local_setup.zsh'
[1.613s] INFO:colcon.colcon_core.shell:Creating prefix chain script '/home/darhf/Manchester/Week10/odometry/install/setup.zsh'
