[5.331s] Invoking command in '/home/puzzlebot/Fantastic4/Odometria/odometry_pkg/src/odometry_pkg': PYTHONPATH=/home/puzzlebot/Fantastic4/Odometria/odometry_pkg/build/odometry_pkg/prefix_override:/home/puzzlebot/Fantastic4/Odometria/odometry_pkg/install/odometry_pkg/lib/python3.8/site-packages:${PYTHONPATH} /usr/bin/python3 setup.py egg_info --egg-base ../../build/odometry_pkg build --build-base /home/puzzlebot/Fantastic4/Odometria/odometry_pkg/build/odometry_pkg/build install --record /home/puzzlebot/Fantastic4/Odometria/odometry_pkg/build/odometry_pkg/install.log --single-version-externally-managed
[6.342s] running egg_info
[6.345s] writing ../../build/odometry_pkg/odometry_pkg.egg-info/PKG-INFO
[6.346s] writing dependency_links to ../../build/odometry_pkg/odometry_pkg.egg-info/dependency_links.txt
[6.347s] writing entry points to ../../build/odometry_pkg/odometry_pkg.egg-info/entry_points.txt
[6.347s] writing requirements to ../../build/odometry_pkg/odometry_pkg.egg-info/requires.txt
[6.347s] writing top-level names to ../../build/odometry_pkg/odometry_pkg.egg-info/top_level.txt
[6.497s] reading manifest file '../../build/odometry_pkg/odometry_pkg.egg-info/SOURCES.txt'
[6.502s] writing manifest file '../../build/odometry_pkg/odometry_pkg.egg-info/SOURCES.txt'
[6.503s] running build
[6.503s] running build_py
[6.504s] running install
[6.505s] running install_lib
[6.511s] running install_data
[6.513s] running install_egg_info
[6.519s] removing '/home/puzzlebot/Fantastic4/Odometria/odometry_pkg/install/odometry_pkg/lib/python3.8/site-packages/odometry_pkg-0.0.0-py3.8.egg-info' (and everything under it)
[6.520s] Copying ../../build/odometry_pkg/odometry_pkg.egg-info to /home/puzzlebot/Fantastic4/Odometria/odometry_pkg/install/odometry_pkg/lib/python3.8/site-packages/odometry_pkg-0.0.0-py3.8.egg-info
[6.524s] running install_scripts
[6.590s] Installing dead_reckoning script to /home/puzzlebot/Fantastic4/Odometria/odometry_pkg/install/odometry_pkg/lib/odometry_pkg
[6.591s] writing list of installed files to '/home/puzzlebot/Fantastic4/Odometria/odometry_pkg/build/odometry_pkg/install.log'
[6.683s] Invoked command in '/home/puzzlebot/Fantastic4/Odometria/odometry_pkg/src/odometry_pkg' returned '0': PYTHONPATH=/home/puzzlebot/Fantastic4/Odometria/odometry_pkg/build/odometry_pkg/prefix_override:/home/puzzlebot/Fantastic4/Odometria/odometry_pkg/install/odometry_pkg/lib/python3.8/site-packages:${PYTHONPATH} /usr/bin/python3 setup.py egg_info --egg-base ../../build/odometry_pkg build --build-base /home/puzzlebot/Fantastic4/Odometria/odometry_pkg/build/odometry_pkg/build install --record /home/puzzlebot/Fantastic4/Odometria/odometry_pkg/build/odometry_pkg/install.log --single-version-externally-managed
