[11.806s] DEBUG:colcon:Command line arguments: ['/usr/bin/colcon', 'build']
[11.807s] DEBUG:colcon:Parsed command line arguments: Namespace(allow_overriding=[], ament_cmake_args=None, base_paths=['.'], build_base='build', catkin_cmake_args=None, catkin_skip_building_tests=False, cmake_args=None, cmake_clean_cache=False, cmake_clean_first=False, cmake_force_configure=False, cmake_target=None, cmake_target_skip_unavailable=False, continue_on_error=False, event_handlers=None, executor='parallel', ignore_user_meta=False, install_base='install', log_base=None, log_level=None, main=<bound method BuildVerb.main of <colcon_core.verb.build.BuildVerb object at 0x7f8366a910>>, merge_install=False, metas=['./colcon.meta'], packages_above=None, packages_above_and_dependencies=None, packages_above_depth=None, packages_end=None, packages_ignore=None, packages_ignore_regex=None, packages_select=None, packages_select_build_failed=False, packages_select_by_dep=None, packages_select_regex=None, packages_select_test_failures=False, packages_skip=None, packages_skip_build_finished=False, packages_skip_by_dep=None, packages_skip_regex=None, packages_skip_test_passed=False, packages_skip_up_to=None, packages_start=None, packages_up_to=None, packages_up_to_regex=None, parallel_workers=4, paths=None, symlink_install=False, test_result_base=None, verb_extension=<colcon_core.verb.build.BuildVerb object at 0x7f8366a910>, verb_name='build', verb_parser=<colcon_defaults.argument_parser.defaults.DefaultArgumentsDecorator object at 0x7f8359f820>)
[12.352s] Level 1:colcon.colcon_core.package_discovery:discover_packages(colcon_meta) check parameters
[12.352s] Level 1:colcon.colcon_core.package_discovery:discover_packages(recursive) check parameters
[12.352s] Level 1:colcon.colcon_core.package_discovery:discover_packages(ignore) check parameters
[12.353s] Level 1:colcon.colcon_core.package_discovery:discover_packages(path) check parameters
[12.353s] Level 1:colcon.colcon_core.package_discovery:discover_packages(colcon_meta) discover
[12.353s] Level 1:colcon.colcon_core.package_discovery:discover_packages(recursive) discover
[12.353s] INFO:colcon.colcon_core.package_discovery:Crawling recursively for packages in '/home/puzzlebot/Fantastic4/Odometria/odometry_pkg'
[12.353s] Level 1:colcon.colcon_core.package_identification:_identify(.) by extensions ['ignore', 'ignore_ament_install']
[12.354s] Level 1:colcon.colcon_core.package_identification:_identify(.) by extension 'ignore'
[12.354s] Level 1:colcon.colcon_core.package_identification:_identify(.) by extension 'ignore_ament_install'
[12.354s] Level 1:colcon.colcon_core.package_identification:_identify(.) by extensions ['colcon_pkg']
[12.355s] Level 1:colcon.colcon_core.package_identification:_identify(.) by extension 'colcon_pkg'
[12.355s] Level 1:colcon.colcon_core.package_identification:_identify(.) by extensions ['colcon_meta']
[12.355s] Level 1:colcon.colcon_core.package_identification:_identify(.) by extension 'colcon_meta'
[12.355s] Level 1:colcon.colcon_core.package_identification:_identify(.) by extensions ['ros']
[12.355s] Level 1:colcon.colcon_core.package_identification:_identify(.) by extension 'ros'
[12.412s] Level 1:colcon.colcon_core.package_identification:_identify(.) by extensions ['cmake', 'python']
[12.412s] Level 1:colcon.colcon_core.package_identification:_identify(.) by extension 'cmake'
[12.412s] Level 1:colcon.colcon_core.package_identification:_identify(.) by extension 'python'
[12.412s] Level 1:colcon.colcon_core.package_identification:_identify(.) by extensions ['python_setup_py']
[12.413s] Level 1:colcon.colcon_core.package_identification:_identify(.) by extension 'python_setup_py'
[12.413s] Level 1:colcon.colcon_core.package_identification:_identify(build) by extensions ['ignore', 'ignore_ament_install']
[12.413s] Level 1:colcon.colcon_core.package_identification:_identify(build) by extension 'ignore'
[12.414s] Level 1:colcon.colcon_core.package_identification:_identify(build) ignored
[12.414s] Level 1:colcon.colcon_core.package_identification:_identify(install) by extensions ['ignore', 'ignore_ament_install']
[12.415s] Level 1:colcon.colcon_core.package_identification:_identify(install) by extension 'ignore'
[12.415s] Level 1:colcon.colcon_core.package_identification:_identify(install) ignored
[12.415s] Level 1:colcon.colcon_core.package_identification:_identify(log) by extensions ['ignore', 'ignore_ament_install']
[12.416s] Level 1:colcon.colcon_core.package_identification:_identify(log) by extension 'ignore'
[12.416s] Level 1:colcon.colcon_core.package_identification:_identify(log) ignored
[12.416s] Level 1:colcon.colcon_core.package_identification:_identify(src) by extensions ['ignore', 'ignore_ament_install']
[12.416s] Level 1:colcon.colcon_core.package_identification:_identify(src) by extension 'ignore'
[12.417s] Level 1:colcon.colcon_core.package_identification:_identify(src) by extension 'ignore_ament_install'
[12.417s] Level 1:colcon.colcon_core.package_identification:_identify(src) by extensions ['colcon_pkg']
[12.417s] Level 1:colcon.colcon_core.package_identification:_identify(src) by extension 'colcon_pkg'
[12.417s] Level 1:colcon.colcon_core.package_identification:_identify(src) by extensions ['colcon_meta']
[12.417s] Level 1:colcon.colcon_core.package_identification:_identify(src) by extension 'colcon_meta'
[12.417s] Level 1:colcon.colcon_core.package_identification:_identify(src) by extensions ['ros']
[12.418s] Level 1:colcon.colcon_core.package_identification:_identify(src) by extension 'ros'
[12.418s] Level 1:colcon.colcon_core.package_identification:_identify(src) by extensions ['cmake', 'python']
[12.418s] Level 1:colcon.colcon_core.package_identification:_identify(src) by extension 'cmake'
[12.418s] Level 1:colcon.colcon_core.package_identification:_identify(src) by extension 'python'
[12.418s] Level 1:colcon.colcon_core.package_identification:_identify(src) by extensions ['python_setup_py']
[12.419s] Level 1:colcon.colcon_core.package_identification:_identify(src) by extension 'python_setup_py'
[12.419s] Level 1:colcon.colcon_core.package_identification:_identify(src/odometry_pkg) by extensions ['ignore', 'ignore_ament_install']
[12.419s] Level 1:colcon.colcon_core.package_identification:_identify(src/odometry_pkg) by extension 'ignore'
[12.420s] Level 1:colcon.colcon_core.package_identification:_identify(src/odometry_pkg) by extension 'ignore_ament_install'
[12.420s] Level 1:colcon.colcon_core.package_identification:_identify(src/odometry_pkg) by extensions ['colcon_pkg']
[12.420s] Level 1:colcon.colcon_core.package_identification:_identify(src/odometry_pkg) by extension 'colcon_pkg'
[12.420s] Level 1:colcon.colcon_core.package_identification:_identify(src/odometry_pkg) by extensions ['colcon_meta']
[12.420s] Level 1:colcon.colcon_core.package_identification:_identify(src/odometry_pkg) by extension 'colcon_meta'
[12.420s] Level 1:colcon.colcon_core.package_identification:_identify(src/odometry_pkg) by extensions ['ros']
[12.421s] Level 1:colcon.colcon_core.package_identification:_identify(src/odometry_pkg) by extension 'ros'
[12.435s] DEBUG:colcon.colcon_core.package_identification:Package 'src/odometry_pkg' with type 'ros.ament_python' and name 'odometry_pkg'
[12.435s] Level 1:colcon.colcon_core.package_discovery:discover_packages(recursive) using defaults
[12.435s] Level 1:colcon.colcon_core.package_discovery:discover_packages(ignore) discover
[12.435s] Level 1:colcon.colcon_core.package_discovery:discover_packages(ignore) using defaults
[12.435s] Level 1:colcon.colcon_core.package_discovery:discover_packages(path) discover
[12.435s] Level 1:colcon.colcon_core.package_discovery:discover_packages(path) using defaults
[13.533s] Level 1:colcon.colcon_core.package_discovery:discover_packages(prefix_path) check parameters
[13.534s] Level 1:colcon.colcon_core.package_discovery:discover_packages(prefix_path) discover
[13.949s] DEBUG:colcon.colcon_installed_package_information.package_discovery:Found 1 installed packages in /home/puzzlebot/ros2_ws/install
[14.150s] DEBUG:colcon.colcon_installed_package_information.package_discovery:Found 5 installed packages in /home/puzzlebot/ros2_packages_ws/install
[14.356s] DEBUG:colcon.colcon_installed_package_information.package_discovery:Found 276 installed packages in /opt/ros/humble
[14.364s] Level 1:colcon.colcon_core.package_discovery:discover_packages(prefix_path) using defaults
[15.262s] Level 5:colcon.colcon_core.verb:set package 'odometry_pkg' build argument 'cmake_args' from command line to 'None'
[15.262s] Level 5:colcon.colcon_core.verb:set package 'odometry_pkg' build argument 'cmake_target' from command line to 'None'
[15.262s] Level 5:colcon.colcon_core.verb:set package 'odometry_pkg' build argument 'cmake_target_skip_unavailable' from command line to 'False'
[15.262s] Level 5:colcon.colcon_core.verb:set package 'odometry_pkg' build argument 'cmake_clean_cache' from command line to 'False'
[15.263s] Level 5:colcon.colcon_core.verb:set package 'odometry_pkg' build argument 'cmake_clean_first' from command line to 'False'
[15.263s] Level 5:colcon.colcon_core.verb:set package 'odometry_pkg' build argument 'cmake_force_configure' from command line to 'False'
[15.263s] Level 5:colcon.colcon_core.verb:set package 'odometry_pkg' build argument 'ament_cmake_args' from command line to 'None'
[15.263s] Level 5:colcon.colcon_core.verb:set package 'odometry_pkg' build argument 'catkin_cmake_args' from command line to 'None'
[15.263s] Level 5:colcon.colcon_core.verb:set package 'odometry_pkg' build argument 'catkin_skip_building_tests' from command line to 'False'
[15.263s] DEBUG:colcon.colcon_core.verb:Building package 'odometry_pkg' with the following arguments: {'ament_cmake_args': None, 'build_base': '/home/puzzlebot/Fantastic4/Odometria/odometry_pkg/build/odometry_pkg', 'catkin_cmake_args': None, 'catkin_skip_building_tests': False, 'cmake_args': None, 'cmake_clean_cache': False, 'cmake_clean_first': False, 'cmake_force_configure': False, 'cmake_target': None, 'cmake_target_skip_unavailable': False, 'install_base': '/home/puzzlebot/Fantastic4/Odometria/odometry_pkg/install/odometry_pkg', 'merge_install': False, 'path': '/home/puzzlebot/Fantastic4/Odometria/odometry_pkg/src/odometry_pkg', 'symlink_install': False, 'test_result_base': None}
[15.461s] INFO:colcon.colcon_core.executor:Executing jobs using 'parallel' executor
[15.661s] DEBUG:colcon.colcon_parallel_executor.executor.parallel:run_until_complete
[15.662s] INFO:colcon.colcon_ros.task.ament_python.build:Building ROS package in '/home/puzzlebot/Fantastic4/Odometria/odometry_pkg/src/odometry_pkg' with build type 'ament_python'
[15.662s] Level 1:colcon.colcon_core.shell:create_environment_hook('odometry_pkg', 'ament_prefix_path')
[15.882s] INFO:colcon.colcon_core.plugin_system:Skipping extension 'colcon_core.shell.bat': Not used on non-Windows systems
[15.883s] INFO:colcon.colcon_core.shell:Creating environment hook '/home/puzzlebot/Fantastic4/Odometria/odometry_pkg/install/odometry_pkg/share/odometry_pkg/hook/ament_prefix_path.ps1'
[15.885s] INFO:colcon.colcon_core.shell:Creating environment descriptor '/home/puzzlebot/Fantastic4/Odometria/odometry_pkg/install/odometry_pkg/share/odometry_pkg/hook/ament_prefix_path.dsv'
[15.886s] INFO:colcon.colcon_core.shell:Creating environment hook '/home/puzzlebot/Fantastic4/Odometria/odometry_pkg/install/odometry_pkg/share/odometry_pkg/hook/ament_prefix_path.sh'
[16.095s] INFO:colcon.colcon_core.shell:Skip shell extension 'powershell' for command environment: Not usable outside of PowerShell
[16.095s] DEBUG:colcon.colcon_core.shell:Skip shell extension 'dsv' for command environment
[17.995s] INFO:colcon.colcon_core.task.python.build:Building Python package in '/home/puzzlebot/Fantastic4/Odometria/odometry_pkg/src/odometry_pkg'
[18.202s] INFO:colcon.colcon_core.shell:Skip shell extension 'powershell' for command environment: Not usable outside of PowerShell
[18.202s] DEBUG:colcon.colcon_core.shell:Skip shell extension 'dsv' for command environment
[20.995s] DEBUG:colcon.colcon_core.event_handler.log_command:Invoking command in '/home/puzzlebot/Fantastic4/Odometria/odometry_pkg/src/odometry_pkg': PYTHONPATH=/home/puzzlebot/Fantastic4/Odometria/odometry_pkg/build/odometry_pkg/prefix_override:/home/puzzlebot/Fantastic4/Odometria/odometry_pkg/install/odometry_pkg/lib/python3.8/site-packages:${PYTHONPATH} /usr/bin/python3 setup.py egg_info --egg-base ../../build/odometry_pkg build --build-base /home/puzzlebot/Fantastic4/Odometria/odometry_pkg/build/odometry_pkg/build install --record /home/puzzlebot/Fantastic4/Odometria/odometry_pkg/build/odometry_pkg/install.log --single-version-externally-managed
[22.346s] DEBUG:colcon.colcon_core.event_handler.log_command:Invoked command in '/home/puzzlebot/Fantastic4/Odometria/odometry_pkg/src/odometry_pkg' returned '0': PYTHONPATH=/home/puzzlebot/Fantastic4/Odometria/odometry_pkg/build/odometry_pkg/prefix_override:/home/puzzlebot/Fantastic4/Odometria/odometry_pkg/install/odometry_pkg/lib/python3.8/site-packages:${PYTHONPATH} /usr/bin/python3 setup.py egg_info --egg-base ../../build/odometry_pkg build --build-base /home/puzzlebot/Fantastic4/Odometria/odometry_pkg/build/odometry_pkg/build install --record /home/puzzlebot/Fantastic4/Odometria/odometry_pkg/build/odometry_pkg/install.log --single-version-externally-managed
[22.560s] Level 1:colcon.colcon_core.environment:checking '/home/puzzlebot/Fantastic4/Odometria/odometry_pkg/install/odometry_pkg' for CMake module files
[22.562s] Level 1:colcon.colcon_core.environment:checking '/home/puzzlebot/Fantastic4/Odometria/odometry_pkg/install/odometry_pkg' for CMake config files
[22.565s] Level 1:colcon.colcon_core.environment:checking '/home/puzzlebot/Fantastic4/Odometria/odometry_pkg/install/odometry_pkg/lib'
[22.566s] Level 1:colcon.colcon_core.environment:checking '/home/puzzlebot/Fantastic4/Odometria/odometry_pkg/install/odometry_pkg/bin'
[22.566s] Level 1:colcon.colcon_core.environment:checking '/home/puzzlebot/Fantastic4/Odometria/odometry_pkg/install/odometry_pkg/lib/pkgconfig/odometry_pkg.pc'
[22.567s] Level 1:colcon.colcon_core.environment:checking '/home/puzzlebot/Fantastic4/Odometria/odometry_pkg/install/odometry_pkg/lib/python3.8/site-packages'
[22.567s] Level 1:colcon.colcon_core.shell:create_environment_hook('odometry_pkg', 'pythonpath')
[22.772s] INFO:colcon.colcon_core.shell:Creating environment hook '/home/puzzlebot/Fantastic4/Odometria/odometry_pkg/install/odometry_pkg/share/odometry_pkg/hook/pythonpath.ps1'
[22.774s] INFO:colcon.colcon_core.shell:Creating environment descriptor '/home/puzzlebot/Fantastic4/Odometria/odometry_pkg/install/odometry_pkg/share/odometry_pkg/hook/pythonpath.dsv'
[22.775s] INFO:colcon.colcon_core.shell:Creating environment hook '/home/puzzlebot/Fantastic4/Odometria/odometry_pkg/install/odometry_pkg/share/odometry_pkg/hook/pythonpath.sh'
[22.777s] Level 1:colcon.colcon_core.environment:checking '/home/puzzlebot/Fantastic4/Odometria/odometry_pkg/install/odometry_pkg/bin'
[22.777s] Level 1:colcon.colcon_core.environment:create_environment_scripts_only(odometry_pkg)
[22.983s] INFO:colcon.colcon_core.shell:Creating package script '/home/puzzlebot/Fantastic4/Odometria/odometry_pkg/install/odometry_pkg/share/odometry_pkg/package.ps1'
[22.986s] INFO:colcon.colcon_core.shell:Creating package descriptor '/home/puzzlebot/Fantastic4/Odometria/odometry_pkg/install/odometry_pkg/share/odometry_pkg/package.dsv'
[22.988s] INFO:colcon.colcon_core.shell:Creating package script '/home/puzzlebot/Fantastic4/Odometria/odometry_pkg/install/odometry_pkg/share/odometry_pkg/package.sh'
[22.991s] INFO:colcon.colcon_core.shell:Creating package script '/home/puzzlebot/Fantastic4/Odometria/odometry_pkg/install/odometry_pkg/share/odometry_pkg/package.bash'
[22.994s] INFO:colcon.colcon_core.shell:Creating package script '/home/puzzlebot/Fantastic4/Odometria/odometry_pkg/install/odometry_pkg/share/odometry_pkg/package.zsh'
[22.997s] Level 1:colcon.colcon_core.environment:create_file_with_runtime_dependencies(/home/puzzlebot/Fantastic4/Odometria/odometry_pkg/install/odometry_pkg/share/colcon-core/packages/odometry_pkg)
[22.998s] DEBUG:colcon.colcon_parallel_executor.executor.parallel:closing loop
[22.999s] DEBUG:colcon.colcon_parallel_executor.executor.parallel:loop closed
[22.999s] DEBUG:colcon.colcon_parallel_executor.executor.parallel:run_until_complete finished with '0'
[23.000s] DEBUG:colcon.colcon_core.event_reactor:joining thread
[23.219s] INFO:colcon.colcon_core.plugin_system:Skipping extension 'colcon_notification.desktop_notification.terminal_notifier': Not used on non-Darwin systems
[23.220s] INFO:colcon.colcon_core.plugin_system:Skipping extension 'colcon_notification.desktop_notification.win32': Not used on non-Windows systems
[23.220s] INFO:colcon.colcon_notification.desktop_notification:Sending desktop notification using 'notify2'
[23.272s] DEBUG:colcon.colcon_core.event_reactor:joined thread
[23.500s] INFO:colcon.colcon_core.shell:Creating prefix script '/home/puzzlebot/Fantastic4/Odometria/odometry_pkg/install/local_setup.ps1'
[23.504s] INFO:colcon.colcon_core.shell:Creating prefix util module '/home/puzzlebot/Fantastic4/Odometria/odometry_pkg/install/_local_setup_util_ps1.py'
[23.510s] INFO:colcon.colcon_core.shell:Creating prefix chain script '/home/puzzlebot/Fantastic4/Odometria/odometry_pkg/install/setup.ps1'
[23.718s] INFO:colcon.colcon_core.shell:Creating prefix script '/home/puzzlebot/Fantastic4/Odometria/odometry_pkg/install/local_setup.sh'
[23.720s] INFO:colcon.colcon_core.shell:Creating prefix util module '/home/puzzlebot/Fantastic4/Odometria/odometry_pkg/install/_local_setup_util_sh.py'
[23.722s] INFO:colcon.colcon_core.shell:Creating prefix chain script '/home/puzzlebot/Fantastic4/Odometria/odometry_pkg/install/setup.sh'
[23.929s] INFO:colcon.colcon_core.shell:Creating prefix script '/home/puzzlebot/Fantastic4/Odometria/odometry_pkg/install/local_setup.bash'
[23.931s] INFO:colcon.colcon_core.shell:Creating prefix chain script '/home/puzzlebot/Fantastic4/Odometria/odometry_pkg/install/setup.bash'
[24.137s] INFO:colcon.colcon_core.shell:Creating prefix script '/home/puzzlebot/Fantastic4/Odometria/odometry_pkg/install/local_setup.zsh'
[24.139s] INFO:colcon.colcon_core.shell:Creating prefix chain script '/home/puzzlebot/Fantastic4/Odometria/odometry_pkg/install/setup.zsh'
